Using pre-set license
Built from '2020.2/release' branch; Version is '2020.2.2f1 (068178b99f32) revision 426360'; Using compiler version '192528614'; Build Type 'Release'
OS: 'Windows 10 Pro; OS build 19042.746; Version 2009; 64bit' Language: 'en' Physical Memory: 32710 MB
BatchMode: 1, IsHumanControllingUs: 0, StartBugReporterOnCrash: 0, Is64bit: 1, IsPro: 0

 COMMAND LINE ARGUMENTS:
C:\Program Files\Unity\Hub\Editor\2020.2.2f1\Editor\Unity.exe
-adb2
-batchMode
-noUpm
-name
AssetImportWorker0
-projectPath
C:/Users/Rafael/Desktop/GameJam/Game Jam
-logFile
Logs/AssetImportWorker0.log
-srvPort
62563
Successfully changed project path to: C:/Users/Rafael/Desktop/GameJam/Game Jam
C:/Users/Rafael/Desktop/GameJam/Game Jam
Using Asset Import Pipeline V2.
Refreshing native plugins compatible for Editor in 93.26 ms, found 0 plugins.
Preloading 0 native plugins for Editor in 0.00 ms.
Initialize engine version: 2020.2.2f1 (068178b99f32)
[Subsystems] Discovering subsystems at path C:/Program Files/Unity/Hub/Editor/2020.2.2f1/Editor/Data/Resources/UnitySubsystems
[Subsystems] Discovering subsystems at path C:/Users/Rafael/Desktop/GameJam/Game Jam/Assets
GfxDevice: creating device client; threaded=0
Direct3D:
    Version:  Direct3D 11.0 [level 11.1]
    Renderer: NVIDIA GeForce GTX 1660 Ti (ID=0x2182)
    Vendor:   
    VRAM:     5991 MB
    Driver:   27.21.14.6089
Initialize mono
Mono path[0] = 'C:/Program Files/Unity/Hub/Editor/2020.2.2f1/Editor/Data/Managed'
Mono path[1] = 'C:/Program Files/Unity/Hub/Editor/2020.2.2f1/Editor/Data/MonoBleedingEdge/lib/mono/unityjit'
Mono config path = 'C:/Program Files/Unity/Hub/Editor/2020.2.2f1/Editor/Data/MonoBleedingEdge/etc'
Using monoOptions --debugger-agent=transport=dt_socket,embedding=1,server=y,suspend=n,address=127.0.0.1:56928
Begin MonoManager ReloadAssembly
Registering precompiled unity dll's ...
Register platform support module: C:/Program Files/Unity/Hub/Editor/2020.2.2f1/Editor/Data/PlaybackEngines/WindowsStandaloneSupport/UnityEditor.WindowsStandalone.Extensions.dll
Registered in 0.002523 seconds.
Native extension for WindowsStandalone target not found
Refreshing native plugins compatible for Editor in 85.07 ms, found 0 plugins.
Preloading 0 native plugins for Editor in 0.00 ms.
Invoked RoslynAnalysisRunner static constructor.
RoslynAnalysisRunner will not be running.
RoslynAnalysisRunner has terminated.
Mono: successfully reloaded assembly
- Completed reload, in  2.843 seconds
Platform modules already initialized, skipping
Registering precompiled user dll's ...
Registered in 0.002618 seconds.
Begin MonoManager ReloadAssembly
Native extension for WindowsStandalone target not found
Refreshing native plugins compatible for Editor in 90.63 ms, found 0 plugins.
Preloading 0 native plugins for Editor in 0.00 ms.
Invoked RoslynAnalysisRunner static constructor.
RoslynAnalysisRunner will not be running.
RoslynAnalysisRunner has terminated.
Mono: successfully reloaded assembly
- Completed reload, in  1.649 seconds
Platform modules already initialized, skipping
========================================================================
Worker process is ready to serve import requests
Launched and connected shader compiler UnityShaderCompiler.exe after 0.08 seconds
Refreshing native plugins compatible for Editor in 0.70 ms, found 0 plugins.
Preloading 0 native plugins for Editor in 0.00 ms.
Unloading 3461 Unused Serialized files (Serialized files now loaded: 0)
System memory in use before: 166.9 MB.
System memory in use after: 167.1 MB.

Unloading 12 unused Assets to reduce memory usage. Loaded Objects now: 3912.
Total: 9.288400 ms (FindLiveObjects: 2.345400 ms CreateObjectMapping: 4.292400 ms MarkObjects: 2.573000 ms  DeleteObjects: 0.075900 ms)

========================================================================
Received Import Request.
  path: Assets/HDRPDefaultResources/DefaultSettingsVolumeProfile.asset
  artifactKey: Guid(8d5319b1457a01b4c97df17fcd67844e) Importer(815301076,1909f56bfc062723c751e8b465ee728b)
Start importing Assets/HDRPDefaultResources/DefaultSettingsVolumeProfile.asset using Guid(8d5319b1457a01b4c97df17fcd67844e) Importer(815301076,1909f56bfc062723c751e8b465ee728b)  -> (artifact id: 'd395df493ec9e933af38a84e512edc01') in 0.092659 seconds
  Import took 0.103523 seconds .

========================================================================
Received Import Request.
  Time since last request: 0.000729 seconds.
  path: Assets/HDRPDefaultResources/HDRenderPipelineAsset.asset
  artifactKey: Guid(148c29d23d143ec449d805f209d6b64a) Importer(815301076,1909f56bfc062723c751e8b465ee728b)
Start importing Assets/HDRPDefaultResources/HDRenderPipelineAsset.asset using Guid(148c29d23d143ec449d805f209d6b64a) Importer(815301076,1909f56bfc062723c751e8b465ee728b)  -> (artifact id: '110c2a4e0d78b30e984aeb6261918861') in 0.022316 seconds
  Import took 0.031659 seconds .

========================================================================
Received Import Request.
  Time since last request: 0.000302 seconds.
  path: Assets/Scenes/Scene1/Global Volume Profile.asset
  artifactKey: Guid(5bb2c99fdf83e6f47a90b105d6abe617) Importer(815301076,1909f56bfc062723c751e8b465ee728b)
Start importing Assets/Scenes/Scene1/Global Volume Profile.asset using Guid(5bb2c99fdf83e6f47a90b105d6abe617) Importer(815301076,1909f56bfc062723c751e8b465ee728b)  -> (artifact id: '9722fa4b797a1f8bae9288c704579b84') in 0.018131 seconds
  Import took 0.026041 seconds .

========================================================================
Received Import Request.
  Time since last request: 0.000377 seconds.
  path: Assets/HDRPDefaultResources/Foliage Diffusion Profile.asset
  artifactKey: Guid(b985c1f79f212dd44bf344c063c65048) Importer(815301076,1909f56bfc062723c751e8b465ee728b)
Start importing Assets/HDRPDefaultResources/Foliage Diffusion Profile.asset using Guid(b985c1f79f212dd44bf344c063c65048) Importer(815301076,1909f56bfc062723c751e8b465ee728b)  -> (artifact id: '75baa753db41c14160ca25441acfdd09') in 0.014208 seconds
  Import took 0.025021 seconds .

========================================================================
Received Prepare
Registering precompiled user dll's ...
Registered in 0.003062 seconds.
Begin MonoManager ReloadAssembly
Native extension for WindowsStandalone target not found
Refreshing native plugins compatible for Editor in 0.80 ms, found 0 plugins.
Preloading 0 native plugins for Editor in 0.00 ms.
Invoked RoslynAnalysisRunner static constructor.
RoslynAnalysisRunner will not be running.
RoslynAnalysisRunner has terminated.
Mono: successfully reloaded assembly
- Completed reload, in  1.778 seconds
Platform modules already initialized, skipping
Refreshing native plugins compatible for Editor in 1.06 ms, found 0 plugins.
Preloading 0 native plugins for Editor in 0.00 ms.
Unloading 3191 Unused Serialized files (Serialized files now loaded: 0)
System memory in use before: 154.8 MB.
System memory in use after: 155.0 MB.

Unloading 19 unused Assets to reduce memory usage. Loaded Objects now: 3914.
Total: 5.240900 ms (FindLiveObjects: 0.562700 ms CreateObjectMapping: 1.337400 ms MarkObjects: 2.744600 ms  DeleteObjects: 0.593700 ms)

========================================================================
Received Prepare
Registering precompiled user dll's ...
Registered in 0.001912 seconds.
Begin MonoManager ReloadAssembly
Native extension for WindowsStandalone target not found
Refreshing native plugins compatible for Editor in 0.61 ms, found 0 plugins.
Preloading 0 native plugins for Editor in 0.00 ms.
Invoked RoslynAnalysisRunner static constructor.
RoslynAnalysisRunner will not be running.
RoslynAnalysisRunner has terminated.
Mono: successfully reloaded assembly
- Completed reload, in  1.431 seconds
Platform modules already initialized, skipping
Refreshing native plugins compatible for Editor in 0.80 ms, found 0 plugins.
Preloading 0 native plugins for Editor in 0.00 ms.
Unloading 3188 Unused Serialized files (Serialized files now loaded: 0)
System memory in use before: 155.8 MB.
System memory in use after: 156.0 MB.

Unloading 7 unused Assets to reduce memory usage. Loaded Objects now: 3916.
Total: 44.429700 ms (FindLiveObjects: 1.465400 ms CreateObjectMapping: 39.764600 ms MarkObjects: 3.132700 ms  DeleteObjects: 0.065500 ms)

========================================================================
Received Prepare
Registering precompiled user dll's ...
Registered in 0.001890 seconds.
Begin MonoManager ReloadAssembly
Native extension for WindowsStandalone target not found
Refreshing native plugins compatible for Editor in 0.56 ms, found 0 plugins.
Preloading 0 native plugins for Editor in 0.00 ms.
Invoked RoslynAnalysisRunner static constructor.
RoslynAnalysisRunner will not be running.
RoslynAnalysisRunner has terminated.
Mono: successfully reloaded assembly
- Completed reload, in  1.138 seconds
Platform modules already initialized, skipping
Refreshing native plugins compatible for Editor in 0.57 ms, found 0 plugins.
Preloading 0 native plugins for Editor in 0.00 ms.
Unloading 3188 Unused Serialized files (Serialized files now loaded: 0)
System memory in use before: 155.9 MB.
System memory in use after: 156.1 MB.

Unloading 7 unused Assets to reduce memory usage. Loaded Objects now: 3918.
Total: 2.677000 ms (FindLiveObjects: 0.343400 ms CreateObjectMapping: 0.197700 ms MarkObjects: 2.053800 ms  DeleteObjects: 0.080700 ms)

========================================================================
Received Prepare
Registering precompiled user dll's ...
Registered in 0.005760 seconds.
Begin MonoManager ReloadAssembly
Native extension for WindowsStandalone target not found
Refreshing native plugins compatible for Editor in 0.63 ms, found 0 plugins.
Preloading 0 native plugins for Editor in 0.00 ms.
Invoked RoslynAnalysisRunner static constructor.
RoslynAnalysisRunner will not be running.
RoslynAnalysisRunner has terminated.
Mono: successfully reloaded assembly
- Completed reload, in  1.554 seconds
Platform modules already initialized, skipping
Refreshing native plugins compatible for Editor in 0.62 ms, found 0 plugins.
Preloading 0 native plugins for Editor in 0.00 ms.
Unloading 3188 Unused Serialized files (Serialized files now loaded: 0)
System memory in use before: 155.9 MB.
System memory in use after: 156.1 MB.

Unloading 7 unused Assets to reduce memory usage. Loaded Objects now: 3920.
Total: 4.806400 ms (FindLiveObjects: 0.868500 ms CreateObjectMapping: 0.599000 ms MarkObjects: 3.274800 ms  DeleteObjects: 0.061800 ms)

========================================================================
Received Prepare
Registering precompiled user dll's ...
Registered in 0.008814 seconds.
Begin MonoManager ReloadAssembly
Native extension for WindowsStandalone target not found
Refreshing native plugins compatible for Editor in 0.62 ms, found 0 plugins.
Preloading 0 native plugins for Editor in 0.00 ms.
Invoked RoslynAnalysisRunner static constructor.
RoslynAnalysisRunner will not be running.
RoslynAnalysisRunner has terminated.
Mono: successfully reloaded assembly
- Completed reload, in  1.337 seconds
Platform modules already initialized, skipping
Refreshing native plugins compatible for Editor in 0.69 ms, found 0 plugins.
Preloading 0 native plugins for Editor in 0.00 ms.
Unloading 3188 Unused Serialized files (Serialized files now loaded: 0)
System memory in use before: 155.8 MB.
System memory in use after: 156.0 MB.

Unloading 7 unused Assets to reduce memory usage. Loaded Objects now: 3922.
Total: 2.878700 ms (FindLiveObjects: 0.416900 ms CreateObjectMapping: 0.226500 ms MarkObjects: 2.174100 ms  DeleteObjects: 0.059300 ms)

========================================================================
Received Import Request.
  Time since last request: 1804.706697 seconds.
  path: Assets/Scripts/GunCameraScript.cs
  artifactKey: Guid(3f50f8057a7061c46a552913af42aa0e) Importer(815301076,1909f56bfc062723c751e8b465ee728b)
Start importing Assets/Scripts/GunCameraScript.cs using Guid(3f50f8057a7061c46a552913af42aa0e) Importer(815301076,1909f56bfc062723c751e8b465ee728b)  -> (artifact id: '7ba2b75f197d08f16268d371498879b1') in 0.111808 seconds
  Import took 0.206865 seconds .

========================================================================
Received Prepare
Registering precompiled user dll's ...
Registered in 0.002122 seconds.
Begin MonoManager ReloadAssembly
Native extension for WindowsStandalone target not found
Refreshing native plugins compatible for Editor in 0.56 ms, found 0 plugins.
Preloading 0 native plugins for Editor in 0.00 ms.
Invoked RoslynAnalysisRunner static constructor.
RoslynAnalysisRunner will not be running.
RoslynAnalysisRunner has terminated.
Mono: successfully reloaded assembly
- Completed reload, in  1.244 seconds
Platform modules already initialized, skipping
Refreshing native plugins compatible for Editor in 0.60 ms, found 0 plugins.
Preloading 0 native plugins for Editor in 0.00 ms.
Unloading 3189 Unused Serialized files (Serialized files now loaded: 0)
System memory in use before: 155.9 MB.
System memory in use after: 156.1 MB.

Unloading 7 unused Assets to reduce memory usage. Loaded Objects now: 3925.
Total: 2.698400 ms (FindLiveObjects: 0.355000 ms CreateObjectMapping: 0.226000 ms MarkObjects: 2.056900 ms  DeleteObjects: 0.059100 ms)

========================================================================
Received Prepare
Registering precompiled user dll's ...
Registered in 0.002321 seconds.
Begin MonoManager ReloadAssembly
Native extension for WindowsStandalone target not found
Refreshing native plugins compatible for Editor in 0.72 ms, found 0 plugins.
Preloading 0 native plugins for Editor in 0.00 ms.
Invoked RoslynAnalysisRunner static constructor.
RoslynAnalysisRunner will not be running.
RoslynAnalysisRunner has terminated.
Mono: successfully reloaded assembly
- Completed reload, in  1.376 seconds
Platform modules already initialized, skipping
Refreshing native plugins compatible for Editor in 1.00 ms, found 0 plugins.
Preloading 0 native plugins for Editor in 0.00 ms.
Unloading 3189 Unused Serialized files (Serialized files now loaded: 0)
System memory in use before: 155.9 MB.
System memory in use after: 156.1 MB.

Unloading 7 unused Assets to reduce memory usage. Loaded Objects now: 3927.
Total: 5.337300 ms (FindLiveObjects: 0.481000 ms CreateObjectMapping: 0.356800 ms MarkObjects: 4.437200 ms  DeleteObjects: 0.060500 ms)

========================================================================
Received Import Request.
  Time since last request: 136.635359 seconds.
  path: Assets/Scripts/GunCameraScript.cs
  artifactKey: Guid(3f50f8057a7061c46a552913af42aa0e) Importer(815301076,1909f56bfc062723c751e8b465ee728b)
Start importing Assets/Scripts/GunCameraScript.cs using Guid(3f50f8057a7061c46a552913af42aa0e) Importer(815301076,1909f56bfc062723c751e8b465ee728b)  -> (artifact id: '82c9fe5435a05898d235606ba98b5803') in 0.013738 seconds
  Import took 0.022350 seconds .

========================================================================
Received Prepare
Registering precompiled user dll's ...
Registered in 0.003710 seconds.
Begin MonoManager ReloadAssembly
Native extension for WindowsStandalone target not found
Refreshing native plugins compatible for Editor in 0.57 ms, found 0 plugins.
Preloading 0 native plugins for Editor in 0.00 ms.
Invoked RoslynAnalysisRunner static constructor.
RoslynAnalysisRunner will not be running.
RoslynAnalysisRunner has terminated.
Mono: successfully reloaded assembly
- Completed reload, in  1.482 seconds
Platform modules already initialized, skipping
Refreshing native plugins compatible for Editor in 0.71 ms, found 0 plugins.
Preloading 0 native plugins for Editor in 0.00 ms.
Unloading 3189 Unused Serialized files (Serialized files now loaded: 0)
System memory in use before: 155.8 MB.
System memory in use after: 156.0 MB.

Unloading 7 unused Assets to reduce memory usage. Loaded Objects now: 3929.
Total: 7.367300 ms (FindLiveObjects: 2.011100 ms CreateObjectMapping: 0.937000 ms MarkObjects: 4.351700 ms  DeleteObjects: 0.065300 ms)

========================================================================
Received Import Request.
  Time since last request: 496.891571 seconds.
  path: Assets/Materials/Particle.mat
  artifactKey: Guid(891bc68a2f3fb014185b4dbdb609d116) Importer(815301076,1909f56bfc062723c751e8b465ee728b)
Start importing Assets/Materials/Particle.mat using Guid(891bc68a2f3fb014185b4dbdb609d116) Importer(815301076,1909f56bfc062723c751e8b465ee728b)  -> (artifact id: '040e220596200e9cfd78da516de8dd7b') in 2.695107 seconds
  Import took 2.705792 seconds .

========================================================================
Received Import Request.
  Time since last request: 0.000276 seconds.
  path: Assets/Materials/Trail.mat
  artifactKey: Guid(ff46262caf5937449b537cd08774151e) Importer(815301076,1909f56bfc062723c751e8b465ee728b)
Start importing Assets/Materials/Trail.mat using Guid(ff46262caf5937449b537cd08774151e) Importer(815301076,1909f56bfc062723c751e8b465ee728b)  -> (artifact id: '1e839a9305f60ad341ecf4ff5fd330de') in 0.051293 seconds
  Import took 0.059483 seconds .

========================================================================
Received Prepare
Registering precompiled user dll's ...
Registered in 0.002572 seconds.
Begin MonoManager ReloadAssembly
Native extension for WindowsStandalone target not found
Refreshing native plugins compatible for Editor in 0.61 ms, found 0 plugins.
Preloading 0 native plugins for Editor in 0.00 ms.
Invoked RoslynAnalysisRunner static constructor.
RoslynAnalysisRunner will not be running.
RoslynAnalysisRunner has terminated.
Mono: successfully reloaded assembly
- Completed reload, in  1.417 seconds
Platform modules already initialized, skipping
Refreshing native plugins compatible for Editor in 0.57 ms, found 0 plugins.
Preloading 0 native plugins for Editor in 0.00 ms.
Unloading 3202 Unused Serialized files (Serialized files now loaded: 0)
System memory in use before: 167.0 MB.
System memory in use after: 167.2 MB.

Unloading 7 unused Assets to reduce memory usage. Loaded Objects now: 4102.
Total: 3.371200 ms (FindLiveObjects: 0.422200 ms CreateObjectMapping: 0.269800 ms MarkObjects: 2.621700 ms  DeleteObjects: 0.055700 ms)

========================================================================
Received Prepare
Registering precompiled user dll's ...
Registered in 0.003649 seconds.
Begin MonoManager ReloadAssembly
Native extension for WindowsStandalone target not found
Refreshing native plugins compatible for Editor in 0.87 ms, found 0 plugins.
Preloading 0 native plugins for Editor in 0.00 ms.
Invoked RoslynAnalysisRunner static constructor.
RoslynAnalysisRunner will not be running.
RoslynAnalysisRunner has terminated.
Mono: successfully reloaded assembly
- Completed reload, in  1.429 seconds
Platform modules already initialized, skipping
Refreshing native plugins compatible for Editor in 0.65 ms, found 0 plugins.
Preloading 0 native plugins for Editor in 0.00 ms.
Unloading 3189 Unused Serialized files (Serialized files now loaded: 0)
System memory in use before: 166.3 MB.
System memory in use after: 166.5 MB.

Unloading 7 unused Assets to reduce memory usage. Loaded Objects now: 4104.
Total: 8.443700 ms (FindLiveObjects: 0.494800 ms CreateObjectMapping: 1.890600 ms MarkObjects: 5.978000 ms  DeleteObjects: 0.077800 ms)

========================================================================
Received Import Request.
  Time since last request: 2293.338098 seconds.
  path: Assets/Prefabs/Baddy Bullety.prefab
  artifactKey: Guid(c3f6c4f749fc9c94b9584782f8ce7ac5) Importer(815301076,1909f56bfc062723c751e8b465ee728b)
Start importing Assets/Prefabs/Baddy Bullety.prefab using Guid(c3f6c4f749fc9c94b9584782f8ce7ac5) Importer(815301076,1909f56bfc062723c751e8b465ee728b)  -> (artifact id: 'ec80f297e748e144e71ab08956c55128') in 1.094237 seconds
  Import took 1.109128 seconds .

========================================================================
Received Prepare
Registering precompiled user dll's ...
Registered in 0.008920 seconds.
Begin MonoManager ReloadAssembly
Native extension for WindowsStandalone target not found
Refreshing native plugins compatible for Editor in 0.84 ms, found 0 plugins.
Preloading 0 native plugins for Editor in 0.00 ms.
Invoked RoslynAnalysisRunner static constructor.
RoslynAnalysisRunner will not be running.
RoslynAnalysisRunner has terminated.
Mono: successfully reloaded assembly
- Completed reload, in  2.000 seconds
Platform modules already initialized, skipping
Refreshing native plugins compatible for Editor in 0.78 ms, found 0 plugins.
Preloading 0 native plugins for Editor in 0.00 ms.
Unloading 3189 Unused Serialized files (Serialized files now loaded: 0)
System memory in use before: 166.9 MB.
System memory in use after: 167.1 MB.

Unloading 7 unused Assets to reduce memory usage. Loaded Objects now: 4209.
Total: 18.004900 ms (FindLiveObjects: 6.890700 ms CreateObjectMapping: 0.389800 ms MarkObjects: 10.653000 ms  DeleteObjects: 0.068400 ms)

========================================================================
Received Import Request.
  Time since last request: 1207.388719 seconds.
  path: Assets/Prefabs/Baddy Bullety.prefab
  artifactKey: Guid(c3f6c4f749fc9c94b9584782f8ce7ac5) Importer(815301076,1909f56bfc062723c751e8b465ee728b)
Start importing Assets/Prefabs/Baddy Bullety.prefab using Guid(c3f6c4f749fc9c94b9584782f8ce7ac5) Importer(815301076,1909f56bfc062723c751e8b465ee728b)  -> (artifact id: '9183e214e09ca57f5b035a151c6a180a') in 1.427423 seconds
  Import took 1.453075 seconds .

========================================================================
Received Prepare
Registering precompiled user dll's ...
Registered in 0.002437 seconds.
Begin MonoManager ReloadAssembly
Native extension for WindowsStandalone target not found
Refreshing native plugins compatible for Editor in 0.74 ms, found 0 plugins.
Preloading 0 native plugins for Editor in 0.00 ms.
Invoked RoslynAnalysisRunner static constructor.
RoslynAnalysisRunner will not be running.
RoslynAnalysisRunner has terminated.
Mono: successfully reloaded assembly
- Completed reload, in  1.567 seconds
Platform modules already initialized, skipping
Refreshing native plugins compatible for Editor in 0.71 ms, found 0 plugins.
Preloading 0 native plugins for Editor in 0.00 ms.
Unloading 3189 Unused Serialized files (Serialized files now loaded: 0)
System memory in use before: 167.3 MB.
System memory in use after: 167.5 MB.

Unloading 7 unused Assets to reduce memory usage. Loaded Objects now: 4313.
Total: 6.756300 ms (FindLiveObjects: 0.420000 ms CreateObjectMapping: 2.583600 ms MarkObjects: 3.669500 ms  DeleteObjects: 0.080900 ms)

========================================================================
Received Import Request.
  Time since last request: 55.354150 seconds.
  path: Assets/Prefabs/Bullety.prefab
  artifactKey: Guid(9dba69a1cc3650243bbbef02fe8b41d3) Importer(815301076,1909f56bfc062723c751e8b465ee728b)
Start importing Assets/Prefabs/Bullety.prefab using Guid(9dba69a1cc3650243bbbef02fe8b41d3) Importer(815301076,1909f56bfc062723c751e8b465ee728b)  -> (artifact id: '0131450a8255f0b13ae9fbffd5d96afd') in 0.772172 seconds
  Import took 0.780936 seconds .

========================================================================
Received Prepare
Registering precompiled user dll's ...
Registered in 0.001988 seconds.
Begin MonoManager ReloadAssembly
Native extension for WindowsStandalone target not found
Refreshing native plugins compatible for Editor in 0.69 ms, found 0 plugins.
Preloading 0 native plugins for Editor in 0.00 ms.
Invoked RoslynAnalysisRunner static constructor.
RoslynAnalysisRunner will not be running.
RoslynAnalysisRunner has terminated.
Mono: successfully reloaded assembly
- Completed reload, in  1.379 seconds
Platform modules already initialized, skipping
Refreshing native plugins compatible for Editor in 0.64 ms, found 0 plugins.
Preloading 0 native plugins for Editor in 0.00 ms.
Unloading 3189 Unused Serialized files (Serialized files now loaded: 0)
System memory in use before: 167.4 MB.
System memory in use after: 167.6 MB.

Unloading 7 unused Assets to reduce memory usage. Loaded Objects now: 4417.
Total: 4.731500 ms (FindLiveObjects: 0.442600 ms CreateObjectMapping: 0.300000 ms MarkObjects: 3.915200 ms  DeleteObjects: 0.071300 ms)

========================================================================
Received Prepare
Registering precompiled user dll's ...
Registered in 0.001982 seconds.
Begin MonoManager ReloadAssembly
Native extension for WindowsStandalone target not found
Refreshing native plugins compatible for Editor in 0.62 ms, found 0 plugins.
Preloading 0 native plugins for Editor in 0.00 ms.
Invoked RoslynAnalysisRunner static constructor.
RoslynAnalysisRunner will not be running.
RoslynAnalysisRunner has terminated.
Mono: successfully reloaded assembly
- Completed reload, in  1.961 seconds
Platform modules already initialized, skipping
Refreshing native plugins compatible for Editor in 0.83 ms, found 0 plugins.
Preloading 0 native plugins for Editor in 0.00 ms.
Unloading 3189 Unused Serialized files (Serialized files now loaded: 0)
System memory in use before: 167.6 MB.
System memory in use after: 167.8 MB.

Unloading 7 unused Assets to reduce memory usage. Loaded Objects now: 4419.
Total: 29.675400 ms (FindLiveObjects: 0.919800 ms CreateObjectMapping: 7.631000 ms MarkObjects: 20.985400 ms  DeleteObjects: 0.136000 ms)

========================================================================
Received Import Request.
  Time since last request: 469.336808 seconds.
  path: Assets/Materials/Bullets.mat
  artifactKey: Guid(e2c042f3d283b5c4cbc736d0ef39d493) Importer(815301076,1909f56bfc062723c751e8b465ee728b)
Start importing Assets/Materials/Bullets.mat using Guid(e2c042f3d283b5c4cbc736d0ef39d493) Importer(815301076,1909f56bfc062723c751e8b465ee728b)  -> (artifact id: '76062e5a63e00882914cec5f9d285374') in 0.730623 seconds
  Import took 0.739565 seconds .

========================================================================
Received Import Request.
  Time since last request: 0.000279 seconds.
  path: Assets/Materials/Gun.mat
  artifactKey: Guid(b1149fc451dd0c549bee2eec2699c3d8) Importer(815301076,1909f56bfc062723c751e8b465ee728b)
Start importing Assets/Materials/Gun.mat using Guid(b1149fc451dd0c549bee2eec2699c3d8) Importer(815301076,1909f56bfc062723c751e8b465ee728b)  -> (artifact id: '337e285c8e6dbbd92cf9cd8e5c34c1ba') in 0.085541 seconds
  Import took 0.095075 seconds .

========================================================================
Received Import Request.
  Time since last request: 0.000933 seconds.
  path: Assets/Materials/Enemy Bullets.mat
  artifactKey: Guid(17e00015b56893449968a8bac4e2bec6) Importer(815301076,1909f56bfc062723c751e8b465ee728b)
Start importing Assets/Materials/Enemy Bullets.mat using Guid(17e00015b56893449968a8bac4e2bec6) Importer(815301076,1909f56bfc062723c751e8b465ee728b)  -> (artifact id: '15e48e5d2ec894994e0b3b80e6135511') in 0.236655 seconds
  Import took 0.251504 seconds .

========================================================================
Received Prepare
Registering precompiled user dll's ...
Registered in 0.002492 seconds.
Begin MonoManager ReloadAssembly
Native extension for WindowsStandalone target not found
Refreshing native plugins compatible for Editor in 0.60 ms, found 0 plugins.
Preloading 0 native plugins for Editor in 0.00 ms.
Invoked RoslynAnalysisRunner static constructor.
RoslynAnalysisRunner will not be running.
RoslynAnalysisRunner has terminated.
Mono: successfully reloaded assembly
- Completed reload, in  1.821 seconds
Platform modules already initialized, skipping
Refreshing native plugins compatible for Editor in 0.66 ms, found 0 plugins.
Preloading 0 native plugins for Editor in 0.00 ms.
Unloading 3189 Unused Serialized files (Serialized files now loaded: 0)
System memory in use before: 167.9 MB.
System memory in use after: 168.2 MB.

Unloading 7 unused Assets to reduce memory usage. Loaded Objects now: 4523.
Total: 5.340400 ms (FindLiveObjects: 0.910100 ms CreateObjectMapping: 0.410100 ms MarkObjects: 3.930000 ms  DeleteObjects: 0.087900 ms)

========================================================================
Received Import Request.
  Time since last request: 164.140502 seconds.
  path: Assets/Materials/Gun.mat
  artifactKey: Guid(b1149fc451dd0c549bee2eec2699c3d8) Importer(815301076,1909f56bfc062723c751e8b465ee728b)
Start importing Assets/Materials/Gun.mat using Guid(b1149fc451dd0c549bee2eec2699c3d8) Importer(815301076,1909f56bfc062723c751e8b465ee728b)  -> (artifact id: 'dc7fe0a1f3c062bda455facdcabad424') in 0.917151 seconds
  Import took 0.934805 seconds .

========================================================================
Received Prepare
Registering precompiled user dll's ...
Registered in 0.003911 seconds.
Begin MonoManager ReloadAssembly
Native extension for WindowsStandalone target not found
Refreshing native plugins compatible for Editor in 0.78 ms, found 0 plugins.
Preloading 0 native plugins for Editor in 0.00 ms.
Invoked RoslynAnalysisRunner static constructor.
RoslynAnalysisRunner will not be running.
RoslynAnalysisRunner has terminated.
Mono: successfully reloaded assembly
- Completed reload, in  1.622 seconds
Platform modules already initialized, skipping
Refreshing native plugins compatible for Editor in 0.58 ms, found 0 plugins.
Preloading 0 native plugins for Editor in 0.00 ms.
Unloading 3189 Unused Serialized files (Serialized files now loaded: 0)
System memory in use before: 168.1 MB.
System memory in use after: 168.3 MB.

Unloading 7 unused Assets to reduce memory usage. Loaded Objects now: 4627.
Total: 5.063000 ms (FindLiveObjects: 0.441900 ms CreateObjectMapping: 0.252300 ms MarkObjects: 4.285600 ms  DeleteObjects: 0.081400 ms)

========================================================================
Received Prepare
Registering precompiled user dll's ...
Registered in 0.002022 seconds.
Begin MonoManager ReloadAssembly
Native extension for WindowsStandalone target not found
Refreshing native plugins compatible for Editor in 0.71 ms, found 0 plugins.
Preloading 0 native plugins for Editor in 0.00 ms.
Invoked RoslynAnalysisRunner static constructor.
RoslynAnalysisRunner will not be running.
RoslynAnalysisRunner has terminated.
Mono: successfully reloaded assembly
- Completed reload, in  1.636 seconds
Platform modules already initialized, skipping
Refreshing native plugins compatible for Editor in 0.61 ms, found 0 plugins.
Preloading 0 native plugins for Editor in 0.00 ms.
Unloading 3189 Unused Serialized files (Serialized files now loaded: 0)
System memory in use before: 168.3 MB.
System memory in use after: 168.5 MB.

Unloading 7 unused Assets to reduce memory usage. Loaded Objects now: 4629.
Total: 13.529000 ms (FindLiveObjects: 4.567700 ms CreateObjectMapping: 0.573400 ms MarkObjects: 8.254700 ms  DeleteObjects: 0.129800 ms)

========================================================================
Received Prepare
Registering precompiled user dll's ...
Registered in 0.002088 seconds.
Begin MonoManager ReloadAssembly
Native extension for WindowsStandalone target not found
Refreshing native plugins compatible for Editor in 0.74 ms, found 0 plugins.
Preloading 0 native plugins for Editor in 0.00 ms.
Invoked RoslynAnalysisRunner static constructor.
RoslynAnalysisRunner will not be running.
RoslynAnalysisRunner has terminated.
Mono: successfully reloaded assembly
- Completed reload, in  1.586 seconds
Platform modules already initialized, skipping
Refreshing native plugins compatible for Editor in 0.75 ms, found 0 plugins.
Preloading 0 native plugins for Editor in 0.00 ms.
Unloading 3189 Unused Serialized files (Serialized files now loaded: 0)
System memory in use before: 168.3 MB.
System memory in use after: 168.5 MB.

Unloading 7 unused Assets to reduce memory usage. Loaded Objects now: 4631.
Total: 4.749200 ms (FindLiveObjects: 0.752700 ms CreateObjectMapping: 0.319000 ms MarkObjects: 3.567400 ms  DeleteObjects: 0.107200 ms)

========================================================================
Received Prepare
Registering precompiled user dll's ...
Registered in 0.003583 seconds.
Begin MonoManager ReloadAssembly
Native extension for WindowsStandalone target not found
Refreshing native plugins compatible for Editor in 1.07 ms, found 0 plugins.
Preloading 0 native plugins for Editor in 0.00 ms.
Invoked RoslynAnalysisRunner static constructor.
RoslynAnalysisRunner will not be running.
RoslynAnalysisRunner has terminated.
Mono: successfully reloaded assembly
- Completed reload, in  1.607 seconds
Platform modules already initialized, skipping
Refreshing native plugins compatible for Editor in 0.85 ms, found 0 plugins.
Preloading 0 native plugins for Editor in 0.00 ms.
Unloading 3189 Unused Serialized files (Serialized files now loaded: 0)
System memory in use before: 168.1 MB.
System memory in use after: 168.3 MB.

Unloading 7 unused Assets to reduce memory usage. Loaded Objects now: 4633.
Total: 4.644500 ms (FindLiveObjects: 0.486600 ms CreateObjectMapping: 0.238900 ms MarkObjects: 3.682600 ms  DeleteObjects: 0.234900 ms)

========================================================================
Received Prepare
Registering precompiled user dll's ...
Registered in 0.002391 seconds.
Begin MonoManager ReloadAssembly
Native extension for WindowsStandalone target not found
Refreshing native plugins compatible for Editor in 0.54 ms, found 0 plugins.
Preloading 0 native plugins for Editor in 0.00 ms.
Invoked RoslynAnalysisRunner static constructor.
RoslynAnalysisRunner will not be running.
RoslynAnalysisRunner has terminated.
Mono: successfully reloaded assembly
- Completed reload, in  1.541 seconds
Platform modules already initialized, skipping
Refreshing native plugins compatible for Editor in 0.85 ms, found 0 plugins.
Preloading 0 native plugins for Editor in 0.00 ms.
Unloading 3189 Unused Serialized files (Serialized files now loaded: 0)
System memory in use before: 168.3 MB.
System memory in use after: 168.5 MB.

Unloading 7 unused Assets to reduce memory usage. Loaded Objects now: 4635.
Total: 6.213900 ms (FindLiveObjects: 0.845000 ms CreateObjectMapping: 0.609300 ms MarkObjects: 4.677700 ms  DeleteObjects: 0.080200 ms)

========================================================================
Received Prepare
Registering precompiled user dll's ...
Registered in 0.001953 seconds.
Begin MonoManager ReloadAssembly
Native extension for WindowsStandalone target not found
Refreshing native plugins compatible for Editor in 0.72 ms, found 0 plugins.
Preloading 0 native plugins for Editor in 0.00 ms.
Invoked RoslynAnalysisRunner static constructor.
RoslynAnalysisRunner will not be running.
RoslynAnalysisRunner has terminated.
Mono: successfully reloaded assembly
- Completed reload, in  1.416 seconds
Platform modules already initialized, skipping
Refreshing native plugins compatible for Editor in 0.64 ms, found 0 plugins.
Preloading 0 native plugins for Editor in 0.00 ms.
Unloading 3189 Unused Serialized files (Serialized files now loaded: 0)
System memory in use before: 168.3 MB.
System memory in use after: 168.5 MB.

Unloading 7 unused Assets to reduce memory usage. Loaded Objects now: 4637.
Total: 6.059000 ms (FindLiveObjects: 0.445100 ms CreateObjectMapping: 0.920300 ms MarkObjects: 4.621700 ms  DeleteObjects: 0.070200 ms)

========================================================================
Received Prepare
Registering precompiled user dll's ...
Registered in 0.002320 seconds.
Begin MonoManager ReloadAssembly
Native extension for WindowsStandalone target not found
Refreshing native plugins compatible for Editor in 0.87 ms, found 0 plugins.
Preloading 0 native plugins for Editor in 0.00 ms.
Invoked RoslynAnalysisRunner static constructor.
RoslynAnalysisRunner will not be running.
RoslynAnalysisRunner has terminated.
Mono: successfully reloaded assembly
- Completed reload, in  1.576 seconds
Platform modules already initialized, skipping
Refreshing native plugins compatible for Editor in 1.03 ms, found 0 plugins.
Preloading 0 native plugins for Editor in 0.00 ms.
Unloading 3189 Unused Serialized files (Serialized files now loaded: 0)
System memory in use before: 168.1 MB.
System memory in use after: 168.3 MB.

Unloading 7 unused Assets to reduce memory usage. Loaded Objects now: 4639.
Total: 4.384600 ms (FindLiveObjects: 0.895200 ms CreateObjectMapping: 0.407800 ms MarkObjects: 3.003400 ms  DeleteObjects: 0.075700 ms)

========================================================================
Received Import Request.
  Time since last request: 673.097276 seconds.
  path: ProjectSettings/TagManager.asset
  artifactKey: Guid(00000000000000003000000000000000) Importer(815301076,1909f56bfc062723c751e8b465ee728b)
Start importing ProjectSettings/TagManager.asset using Guid(00000000000000003000000000000000) Importer(815301076,1909f56bfc062723c751e8b465ee728b)  -> (artifact id: '03678e89f98fb8fa5917ab1411881c00') in 0.034909 seconds
  Import took 0.043550 seconds .

========================================================================
Received Import Request.
  Time since last request: 41.054134 seconds.
  path: Assets/Prefabs/Baddy Bullety.prefab
  artifactKey: Guid(c3f6c4f749fc9c94b9584782f8ce7ac5) Importer(815301076,1909f56bfc062723c751e8b465ee728b)
Start importing Assets/Prefabs/Baddy Bullety.prefab using Guid(c3f6c4f749fc9c94b9584782f8ce7ac5) Importer(815301076,1909f56bfc062723c751e8b465ee728b)  -> (artifact id: 'edc11e2995b0238aeabff2dbd9ebd7cb') in 0.801437 seconds
  Import took 0.811488 seconds .

========================================================================
Received Prepare
Registering precompiled user dll's ...
Registered in 0.001883 seconds.
Begin MonoManager ReloadAssembly
Native extension for WindowsStandalone target not found
Refreshing native plugins compatible for Editor in 0.63 ms, found 0 plugins.
Preloading 0 native plugins for Editor in 0.00 ms.
Invoked RoslynAnalysisRunner static constructor.
RoslynAnalysisRunner will not be running.
RoslynAnalysisRunner has terminated.
Mono: successfully reloaded assembly
- Completed reload, in  1.490 seconds
Platform modules already initialized, skipping
Refreshing native plugins compatible for Editor in 0.71 ms, found 0 plugins.
Preloading 0 native plugins for Editor in 0.00 ms.
Unloading 3189 Unused Serialized files (Serialized files now loaded: 0)
System memory in use before: 168.7 MB.
System memory in use after: 168.9 MB.

Unloading 8 unused Assets to reduce memory usage. Loaded Objects now: 4743.
Total: 11.815900 ms (FindLiveObjects: 7.049400 ms CreateObjectMapping: 0.643300 ms MarkObjects: 4.035600 ms  DeleteObjects: 0.085400 ms)

========================================================================
Received Prepare
Registering precompiled user dll's ...
Registered in 0.002883 seconds.
Begin MonoManager ReloadAssembly
Native extension for WindowsStandalone target not found
Refreshing native plugins compatible for Editor in 0.81 ms, found 0 plugins.
Preloading 0 native plugins for Editor in 0.00 ms.
Invoked RoslynAnalysisRunner static constructor.
RoslynAnalysisRunner will not be running.
RoslynAnalysisRunner has terminated.
Mono: successfully reloaded assembly
- Completed reload, in  1.631 seconds
Platform modules already initialized, skipping
Refreshing native plugins compatible for Editor in 0.91 ms, found 0 plugins.
Preloading 0 native plugins for Editor in 0.00 ms.
Unloading 3189 Unused Serialized files (Serialized files now loaded: 0)
System memory in use before: 168.7 MB.
System memory in use after: 168.9 MB.

Unloading 7 unused Assets to reduce memory usage. Loaded Objects now: 4745.
Total: 14.394400 ms (FindLiveObjects: 5.921000 ms CreateObjectMapping: 0.783900 ms MarkObjects: 7.577700 ms  DeleteObjects: 0.109300 ms)

========================================================================
Received Import Request.
  Time since last request: 205.287897 seconds.
  path: Assets/Scripts/GameManager.cs
  artifactKey: Guid(b0733175faffc5e45a3a53efd9d08bc9) Importer(815301076,1909f56bfc062723c751e8b465ee728b)
Start importing Assets/Scripts/GameManager.cs using Guid(b0733175faffc5e45a3a53efd9d08bc9) Importer(815301076,1909f56bfc062723c751e8b465ee728b)  -> (artifact id: 'ccba6abcea24f447bf49e36ac3623095') in 0.095743 seconds
  Import took 0.241002 seconds .

========================================================================
Received Prepare
Registering precompiled user dll's ...
Registered in 0.005070 seconds.
Begin MonoManager ReloadAssembly
Native extension for WindowsStandalone target not found
Refreshing native plugins compatible for Editor in 1.93 ms, found 0 plugins.
Preloading 0 native plugins for Editor in 0.00 ms.
Invoked RoslynAnalysisRunner static constructor.
RoslynAnalysisRunner will not be running.
RoslynAnalysisRunner has terminated.
Mono: successfully reloaded assembly
- Completed reload, in  1.467 seconds
Platform modules already initialized, skipping
Refreshing native plugins compatible for Editor in 0.55 ms, found 0 plugins.
Preloading 0 native plugins for Editor in 0.00 ms.
Unloading 3190 Unused Serialized files (Serialized files now loaded: 0)
System memory in use before: 168.5 MB.
System memory in use after: 168.8 MB.

Unloading 7 unused Assets to reduce memory usage. Loaded Objects now: 4748.
Total: 5.165400 ms (FindLiveObjects: 0.474000 ms CreateObjectMapping: 0.244500 ms MarkObjects: 4.353000 ms  DeleteObjects: 0.090800 ms)

========================================================================
Received Prepare
Registering precompiled user dll's ...
Registered in 0.003460 seconds.
Begin MonoManager ReloadAssembly
Native extension for WindowsStandalone target not found
Refreshing native plugins compatible for Editor in 0.55 ms, found 0 plugins.
Preloading 0 native plugins for Editor in 0.00 ms.
Invoked RoslynAnalysisRunner static constructor.
RoslynAnalysisRunner will not be running.
RoslynAnalysisRunner has terminated.
Mono: successfully reloaded assembly
- Completed reload, in  1.419 seconds
Platform modules already initialized, skipping
Refreshing native plugins compatible for Editor in 0.64 ms, found 0 plugins.
Preloading 0 native plugins for Editor in 0.00 ms.
Unloading 3190 Unused Serialized files (Serialized files now loaded: 0)
System memory in use before: 168.8 MB.
System memory in use after: 169.0 MB.

Unloading 7 unused Assets to reduce memory usage. Loaded Objects now: 4750.
Total: 5.049000 ms (FindLiveObjects: 0.830100 ms CreateObjectMapping: 0.452800 ms MarkObjects: 3.643100 ms  DeleteObjects: 0.121200 ms)

========================================================================
Received Import Request.
  Time since last request: 2096.016507 seconds.
  path: Assets/Scripts/GameManager.cs
  artifactKey: Guid(b0733175faffc5e45a3a53efd9d08bc9) Importer(815301076,1909f56bfc062723c751e8b465ee728b)
Start importing Assets/Scripts/GameManager.cs using Guid(b0733175faffc5e45a3a53efd9d08bc9) Importer(815301076,1909f56bfc062723c751e8b465ee728b)  -> (artifact id: '28d8881baba8726ce936a34266a1ff56') in 0.025328 seconds
  Import took 0.039752 seconds .

========================================================================
Received Prepare
Registering precompiled user dll's ...
Registered in 0.002092 seconds.
Begin MonoManager ReloadAssembly
Native extension for WindowsStandalone target not found
Refreshing native plugins compatible for Editor in 0.59 ms, found 0 plugins.
Preloading 0 native plugins for Editor in 0.00 ms.
Invoked RoslynAnalysisRunner static constructor.
RoslynAnalysisRunner will not be running.
RoslynAnalysisRunner has terminated.
Mono: successfully reloaded assembly
- Completed reload, in  1.521 seconds
Platform modules already initialized, skipping
Refreshing native plugins compatible for Editor in 0.77 ms, found 0 plugins.
Preloading 0 native plugins for Editor in 0.00 ms.
Unloading 3190 Unused Serialized files (Serialized files now loaded: 0)
System memory in use before: 168.8 MB.
System memory in use after: 169.0 MB.

Unloading 7 unused Assets to reduce memory usage. Loaded Objects now: 4752.
Total: 7.729500 ms (FindLiveObjects: 2.261100 ms CreateObjectMapping: 1.471600 ms MarkObjects: 3.927000 ms  DeleteObjects: 0.067100 ms)

========================================================================
Received Import Request.
  Time since last request: 40.479973 seconds.
  path: Assets/Scripts/GameManager.cs
  artifactKey: Guid(b0733175faffc5e45a3a53efd9d08bc9) Importer(815301076,1909f56bfc062723c751e8b465ee728b)
Start importing Assets/Scripts/GameManager.cs using Guid(b0733175faffc5e45a3a53efd9d08bc9) Importer(815301076,1909f56bfc062723c751e8b465ee728b)  -> (artifact id: '83ff15a691165176289309660c257441') in 0.019289 seconds
  Import took 0.031649 seconds .

========================================================================
Received Prepare
Registering precompiled user dll's ...
Registered in 0.002661 seconds.
Begin MonoManager ReloadAssembly
Native extension for WindowsStandalone target not found
Refreshing native plugins compatible for Editor in 0.64 ms, found 0 plugins.
Preloading 0 native plugins for Editor in 0.00 ms.
Invoked RoslynAnalysisRunner static constructor.
RoslynAnalysisRunner will not be running.
RoslynAnalysisRunner has terminated.
Mono: successfully reloaded assembly
- Completed reload, in  1.394 seconds
Platform modules already initialized, skipping
Refreshing native plugins compatible for Editor in 0.59 ms, found 0 plugins.
Preloading 0 native plugins for Editor in 0.00 ms.
Unloading 3190 Unused Serialized files (Serialized files now loaded: 0)
System memory in use before: 168.6 MB.
System memory in use after: 168.8 MB.

Unloading 7 unused Assets to reduce memory usage. Loaded Objects now: 4754.
Total: 4.991600 ms (FindLiveObjects: 0.670900 ms CreateObjectMapping: 0.304900 ms MarkObjects: 3.908300 ms  DeleteObjects: 0.105200 ms)

========================================================================
Received Import Request.
  Time since last request: 23.492485 seconds.
  path: Assets/Scripts/GameManager.cs
  artifactKey: Guid(b0733175faffc5e45a3a53efd9d08bc9) Importer(815301076,1909f56bfc062723c751e8b465ee728b)
Start importing Assets/Scripts/GameManager.cs using Guid(b0733175faffc5e45a3a53efd9d08bc9) Importer(815301076,1909f56bfc062723c751e8b465ee728b)  -> (artifact id: 'cf74a48cf501f80496a19bc6f0f258b7') in 0.009875 seconds
  Import took 0.017933 seconds .

========================================================================
Received Import Request.
  Time since last request: 2.270217 seconds.
  path: Assets/Scripts/GameManager.cs
  artifactKey: Guid(b0733175faffc5e45a3a53efd9d08bc9) Importer(815301076,1909f56bfc062723c751e8b465ee728b)
Start importing Assets/Scripts/GameManager.cs using Guid(b0733175faffc5e45a3a53efd9d08bc9) Importer(815301076,1909f56bfc062723c751e8b465ee728b)  -> (artifact id: 'cf74a48cf501f80496a19bc6f0f258b7') in 0.004681 seconds
  Import took 0.012500 seconds .

========================================================================
Received Prepare
Registering precompiled user dll's ...
Registered in 0.002203 seconds.
Begin MonoManager ReloadAssembly
Native extension for WindowsStandalone target not found
Refreshing native plugins compatible for Editor in 0.58 ms, found 0 plugins.
Preloading 0 native plugins for Editor in 0.00 ms.
Invoked RoslynAnalysisRunner static constructor.
RoslynAnalysisRunner will not be running.
RoslynAnalysisRunner has terminated.
Mono: successfully reloaded assembly
- Completed reload, in  1.429 seconds
Platform modules already initialized, skipping
Refreshing native plugins compatible for Editor in 0.84 ms, found 0 plugins.
Preloading 0 native plugins for Editor in 0.00 ms.
Unloading 3190 Unused Serialized files (Serialized files now loaded: 0)
System memory in use before: 168.8 MB.
System memory in use after: 169.0 MB.

Unloading 7 unused Assets to reduce memory usage. Loaded Objects now: 4756.
Total: 7.679300 ms (FindLiveObjects: 0.786700 ms CreateObjectMapping: 0.318500 ms MarkObjects: 6.461300 ms  DeleteObjects: 0.109900 ms)

========================================================================
Received Import Request.
  Time since last request: 44.360423 seconds.
  path: Assets/Scripts/GameManager.cs
  artifactKey: Guid(b0733175faffc5e45a3a53efd9d08bc9) Importer(815301076,1909f56bfc062723c751e8b465ee728b)
Start importing Assets/Scripts/GameManager.cs using Guid(b0733175faffc5e45a3a53efd9d08bc9) Importer(815301076,1909f56bfc062723c751e8b465ee728b)  -> (artifact id: 'd3c1427bd593ba4d29c5f452d96941f1') in 0.017919 seconds
  Import took 0.031315 seconds .

========================================================================
Received Prepare
Registering precompiled user dll's ...
Registered in 0.001827 seconds.
Begin MonoManager ReloadAssembly
Native extension for WindowsStandalone target not found
Refreshing native plugins compatible for Editor in 0.53 ms, found 0 plugins.
Preloading 0 native plugins for Editor in 0.00 ms.
Invoked RoslynAnalysisRunner static constructor.
RoslynAnalysisRunner will not be running.
RoslynAnalysisRunner has terminated.
Mono: successfully reloaded assembly
- Completed reload, in  1.384 seconds
Platform modules already initialized, skipping
Refreshing native plugins compatible for Editor in 0.68 ms, found 0 plugins.
Preloading 0 native plugins for Editor in 0.00 ms.
Unloading 3190 Unused Serialized files (Serialized files now loaded: 0)
System memory in use before: 168.8 MB.
System memory in use after: 169.0 MB.

Unloading 7 unused Assets to reduce memory usage. Loaded Objects now: 4758.
Total: 3.889800 ms (FindLiveObjects: 0.746300 ms CreateObjectMapping: 0.334200 ms MarkObjects: 2.745500 ms  DeleteObjects: 0.061900 ms)

========================================================================
Received Prepare
Registering precompiled user dll's ...
Registered in 0.002440 seconds.
Begin MonoManager ReloadAssembly
Native extension for WindowsStandalone target not found
Refreshing native plugins compatible for Editor in 0.53 ms, found 0 plugins.
Preloading 0 native plugins for Editor in 0.00 ms.
Invoked RoslynAnalysisRunner static constructor.
RoslynAnalysisRunner will not be running.
RoslynAnalysisRunner has terminated.
Mono: successfully reloaded assembly
- Completed reload, in  1.264 seconds
Platform modules already initialized, skipping
Refreshing native plugins compatible for Editor in 0.54 ms, found 0 plugins.
Preloading 0 native plugins for Editor in 0.00 ms.
Unloading 3190 Unused Serialized files (Serialized files now loaded: 0)
System memory in use before: 168.6 MB.
System memory in use after: 168.8 MB.

Unloading 7 unused Assets to reduce memory usage. Loaded Objects now: 4760.
Total: 3.837500 ms (FindLiveObjects: 0.472400 ms CreateObjectMapping: 0.217000 ms MarkObjects: 3.077600 ms  DeleteObjects: 0.068700 ms)

========================================================================
Received Prepare
Registering precompiled user dll's ...
Registered in 0.001832 seconds.
Begin MonoManager ReloadAssembly
Native extension for WindowsStandalone target not found
Refreshing native plugins compatible for Editor in 0.58 ms, found 0 plugins.
Preloading 0 native plugins for Editor in 0.00 ms.
Invoked RoslynAnalysisRunner static constructor.
RoslynAnalysisRunner will not be running.
RoslynAnalysisRunner has terminated.
Mono: successfully reloaded assembly
- Completed reload, in  1.383 seconds
Platform modules already initialized, skipping
Refreshing native plugins compatible for Editor in 0.67 ms, found 0 plugins.
Preloading 0 native plugins for Editor in 0.00 ms.
Unloading 3190 Unused Serialized files (Serialized files now loaded: 0)
System memory in use before: 168.8 MB.
System memory in use after: 169.0 MB.

Unloading 7 unused Assets to reduce memory usage. Loaded Objects now: 4762.
Total: 3.561300 ms (FindLiveObjects: 0.438600 ms CreateObjectMapping: 0.207400 ms MarkObjects: 2.837500 ms  DeleteObjects: 0.076000 ms)

========================================================================
Received Prepare
Registering precompiled user dll's ...
Registered in 0.002039 seconds.
Begin MonoManager ReloadAssembly
Native extension for WindowsStandalone target not found
Refreshing native plugins compatible for Editor in 0.60 ms, found 0 plugins.
Preloading 0 native plugins for Editor in 0.00 ms.
Invoked RoslynAnalysisRunner static constructor.
RoslynAnalysisRunner will not be running.
RoslynAnalysisRunner has terminated.
Mono: successfully reloaded assembly
- Completed reload, in  1.388 seconds
Platform modules already initialized, skipping
Refreshing native plugins compatible for Editor in 0.56 ms, found 0 plugins.
Preloading 0 native plugins for Editor in 0.00 ms.
Unloading 3190 Unused Serialized files (Serialized files now loaded: 0)
System memory in use before: 168.8 MB.
System memory in use after: 169.0 MB.

Unloading 7 unused Assets to reduce memory usage. Loaded Objects now: 4764.
Total: 4.237400 ms (FindLiveObjects: 0.449200 ms CreateObjectMapping: 0.426000 ms MarkObjects: 3.300200 ms  DeleteObjects: 0.060000 ms)

========================================================================
Received Prepare
Registering precompiled user dll's ...
Registered in 0.003198 seconds.
Begin MonoManager ReloadAssembly
Native extension for WindowsStandalone target not found
Refreshing native plugins compatible for Editor in 0.63 ms, found 0 plugins.
Preloading 0 native plugins for Editor in 0.00 ms.
Invoked RoslynAnalysisRunner static constructor.
RoslynAnalysisRunner will not be running.
RoslynAnalysisRunner has terminated.
Mono: successfully reloaded assembly
- Completed reload, in  1.302 seconds
Platform modules already initialized, skipping
Refreshing native plugins compatible for Editor in 0.72 ms, found 0 plugins.
Preloading 0 native plugins for Editor in 0.00 ms.
Unloading 3190 Unused Serialized files (Serialized files now loaded: 0)
System memory in use before: 168.6 MB.
System memory in use after: 168.8 MB.

Unloading 7 unused Assets to reduce memory usage. Loaded Objects now: 4766.
Total: 5.740900 ms (FindLiveObjects: 0.508300 ms CreateObjectMapping: 0.291400 ms MarkObjects: 4.862400 ms  DeleteObjects: 0.076500 ms)

========================================================================
Received Import Request.
  Time since last request: 544.206275 seconds.
  path: Assets/Prefabs/Baddy Bullety.prefab
  artifactKey: Guid(c3f6c4f749fc9c94b9584782f8ce7ac5) Importer(815301076,1909f56bfc062723c751e8b465ee728b)
Start importing Assets/Prefabs/Baddy Bullety.prefab using Guid(c3f6c4f749fc9c94b9584782f8ce7ac5) Importer(815301076,1909f56bfc062723c751e8b465ee728b)  -> (artifact id: '7cd3ecb9ebe6a6abe8901105ccdf367c') in 0.570751 seconds
  Import took 0.578468 seconds .

========================================================================
Received Import Request.
  Time since last request: 0.000364 seconds.
  path: Assets/Prefabs/Bullety.prefab
  artifactKey: Guid(9dba69a1cc3650243bbbef02fe8b41d3) Importer(815301076,1909f56bfc062723c751e8b465ee728b)
Start importing Assets/Prefabs/Bullety.prefab using Guid(9dba69a1cc3650243bbbef02fe8b41d3) Importer(815301076,1909f56bfc062723c751e8b465ee728b)  -> (artifact id: 'aca539b88be2c46c4a2506429128e1a3') in 0.065772 seconds
  Import took 0.073932 seconds .

========================================================================
Received Prepare
Registering precompiled user dll's ...
Registered in 0.002043 seconds.
Begin MonoManager ReloadAssembly
Native extension for WindowsStandalone target not found
Refreshing native plugins compatible for Editor in 0.58 ms, found 0 plugins.
Preloading 0 native plugins for Editor in 0.00 ms.
Invoked RoslynAnalysisRunner static constructor.
RoslynAnalysisRunner will not be running.
RoslynAnalysisRunner has terminated.
Mono: successfully reloaded assembly
- Completed reload, in  1.511 seconds
Platform modules already initialized, skipping
Refreshing native plugins compatible for Editor in 2.04 ms, found 0 plugins.
Preloading 0 native plugins for Editor in 0.00 ms.
Unloading 3190 Unused Serialized files (Serialized files now loaded: 0)
System memory in use before: 169.3 MB.
System memory in use after: 169.5 MB.

Unloading 7 unused Assets to reduce memory usage. Loaded Objects now: 4870.
Total: 6.814400 ms (FindLiveObjects: 1.764700 ms CreateObjectMapping: 0.416700 ms MarkObjects: 4.563100 ms  DeleteObjects: 0.068400 ms)

========================================================================
Received Import Request.
  Time since last request: 13.057324 seconds.
  path: Assets/Prefabs/DeathParticles.prefab
  artifactKey: Guid(de24821a7c728d24bb75b9fce569794c) Importer(815301076,1909f56bfc062723c751e8b465ee728b)
Start importing Assets/Prefabs/DeathParticles.prefab using Guid(de24821a7c728d24bb75b9fce569794c) Importer(815301076,1909f56bfc062723c751e8b465ee728b)  -> (artifact id: 'e6b3850c8c2ac831284a32624aed4393') in 0.047904 seconds
  Import took 0.055265 seconds .

========================================================================
Received Import Request.
  Time since last request: 0.000294 seconds.
  path: Assets/Prefabs/ParticleSystems.prefab
  artifactKey: Guid(5e40531352fa51e4f8256ca54507b91d) Importer(815301076,1909f56bfc062723c751e8b465ee728b)
Start importing Assets/Prefabs/ParticleSystems.prefab using Guid(5e40531352fa51e4f8256ca54507b91d) Importer(815301076,1909f56bfc062723c751e8b465ee728b)  -> (artifact id: '5e8f8a639a725fd7cce7cf3a1d58a2a0') in 0.016106 seconds
  Import took 0.023544 seconds .

========================================================================
Received Prepare
Registering precompiled user dll's ...
Registered in 0.001765 seconds.
Begin MonoManager ReloadAssembly
Native extension for WindowsStandalone target not found
Refreshing native plugins compatible for Editor in 0.60 ms, found 0 plugins.
Preloading 0 native plugins for Editor in 0.00 ms.
Invoked RoslynAnalysisRunner static constructor.
RoslynAnalysisRunner will not be running.
RoslynAnalysisRunner has terminated.
Mono: successfully reloaded assembly
- Completed reload, in  1.324 seconds
Platform modules already initialized, skipping
Refreshing native plugins compatible for Editor in 0.59 ms, found 0 plugins.
Preloading 0 native plugins for Editor in 0.00 ms.
Unloading 3190 Unused Serialized files (Serialized files now loaded: 0)
System memory in use before: 169.3 MB.
System memory in use after: 169.5 MB.

Unloading 7 unused Assets to reduce memory usage. Loaded Objects now: 4873.
Total: 4.071600 ms (FindLiveObjects: 0.518500 ms CreateObjectMapping: 0.283500 ms MarkObjects: 3.199000 ms  DeleteObjects: 0.068600 ms)

========================================================================
Received Import Request.
  Time since last request: 1328.764564 seconds.
  path: Assets/Scripts/BaddyBullets.cs
  artifactKey: Guid(a54fce8e69559154aa2ee3aa5c5c4c76) Importer(815301076,1909f56bfc062723c751e8b465ee728b)
Start importing Assets/Scripts/BaddyBullets.cs using Guid(a54fce8e69559154aa2ee3aa5c5c4c76) Importer(815301076,1909f56bfc062723c751e8b465ee728b)  -> (artifact id: '01b8ae22dfe4e99598b6b465e73909a5') in 0.091849 seconds
  Import took 0.178071 seconds .

========================================================================
Received Prepare
Registering precompiled user dll's ...
Registered in 0.002661 seconds.
Begin MonoManager ReloadAssembly
Native extension for WindowsStandalone target not found
Refreshing native plugins compatible for Editor in 0.54 ms, found 0 plugins.
Preloading 0 native plugins for Editor in 0.00 ms.
Invoked RoslynAnalysisRunner static constructor.
RoslynAnalysisRunner will not be running.
RoslynAnalysisRunner has terminated.
Mono: successfully reloaded assembly
- Completed reload, in  1.381 seconds
Platform modules already initialized, skipping
Refreshing native plugins compatible for Editor in 0.69 ms, found 0 plugins.
Preloading 0 native plugins for Editor in 0.00 ms.
Unloading 3191 Unused Serialized files (Serialized files now loaded: 0)
System memory in use before: 169.1 MB.
System memory in use after: 169.3 MB.

Unloading 7 unused Assets to reduce memory usage. Loaded Objects now: 4876.
Total: 4.320700 ms (FindLiveObjects: 0.575900 ms CreateObjectMapping: 0.530100 ms MarkObjects: 3.134700 ms  DeleteObjects: 0.078300 ms)

========================================================================
Received Prepare
Registering precompiled user dll's ...
Registered in 0.001743 seconds.
Begin MonoManager ReloadAssembly
Native extension for WindowsStandalone target not found
Refreshing native plugins compatible for Editor in 0.81 ms, found 0 plugins.
Preloading 0 native plugins for Editor in 0.00 ms.
Invoked RoslynAnalysisRunner static constructor.
RoslynAnalysisRunner will not be running.
RoslynAnalysisRunner has terminated.
Mono: successfully reloaded assembly
- Completed reload, in  1.344 seconds
Platform modules already initialized, skipping
Refreshing native plugins compatible for Editor in 0.56 ms, found 0 plugins.
Preloading 0 native plugins for Editor in 0.00 ms.
Unloading 3191 Unused Serialized files (Serialized files now loaded: 0)
System memory in use before: 169.3 MB.
System memory in use after: 169.6 MB.

Unloading 7 unused Assets to reduce memory usage. Loaded Objects now: 4878.
Total: 4.079500 ms (FindLiveObjects: 0.464800 ms CreateObjectMapping: 0.210400 ms MarkObjects: 3.102300 ms  DeleteObjects: 0.299500 ms)

========================================================================
Received Import Request.
  Time since last request: 94.151710 seconds.
  path: Assets/Scripts/BaddyBullets.cs
  artifactKey: Guid(a54fce8e69559154aa2ee3aa5c5c4c76) Importer(815301076,1909f56bfc062723c751e8b465ee728b)
Start importing Assets/Scripts/BaddyBullets.cs using Guid(a54fce8e69559154aa2ee3aa5c5c4c76) Importer(815301076,1909f56bfc062723c751e8b465ee728b)  -> (artifact id: 'c055927bc1ea69b2114deed18125d007') in 0.009736 seconds
  Import took 0.022811 seconds .

========================================================================
Received Import Request.
  Time since last request: 119.253878 seconds.
  path: Assets/Prefabs/Baddy Bullety.prefab
  artifactKey: Guid(c3f6c4f749fc9c94b9584782f8ce7ac5) Importer(815301076,1909f56bfc062723c751e8b465ee728b)
Start importing Assets/Prefabs/Baddy Bullety.prefab using Guid(c3f6c4f749fc9c94b9584782f8ce7ac5) Importer(815301076,1909f56bfc062723c751e8b465ee728b)  -> (artifact id: 'd0ff6892f3765355519adbbbfb143869') in 0.741537 seconds
  Import took 0.750851 seconds .

========================================================================
Received Import Request.
  Time since last request: 3.911061 seconds.
  path: Assets/Prefabs/Baddy Bullety.prefab
  artifactKey: Guid(c3f6c4f749fc9c94b9584782f8ce7ac5) Importer(815301076,1909f56bfc062723c751e8b465ee728b)
Start importing Assets/Prefabs/Baddy Bullety.prefab using Guid(c3f6c4f749fc9c94b9584782f8ce7ac5) Importer(815301076,1909f56bfc062723c751e8b465ee728b)  -> (artifact id: '25522466d5dc8e150d26e5fadb9f48cf') in 0.041518 seconds
  Import took 0.051602 seconds .

========================================================================
Received Prepare
Registering precompiled user dll's ...
Registered in 0.001961 seconds.
Begin MonoManager ReloadAssembly
Native extension for WindowsStandalone target not found
Refreshing native plugins compatible for Editor in 0.75 ms, found 0 plugins.
Preloading 0 native plugins for Editor in 0.00 ms.
Invoked RoslynAnalysisRunner static constructor.
RoslynAnalysisRunner will not be running.
RoslynAnalysisRunner has terminated.
Mono: successfully reloaded assembly
- Completed reload, in  1.770 seconds
Platform modules already initialized, skipping
Refreshing native plugins compatible for Editor in 0.96 ms, found 0 plugins.
Preloading 0 native plugins for Editor in 0.00 ms.
Unloading 3191 Unused Serialized files (Serialized files now loaded: 0)
System memory in use before: 169.7 MB.
System memory in use after: 169.9 MB.

Unloading 7 unused Assets to reduce memory usage. Loaded Objects now: 4982.
Total: 6.666800 ms (FindLiveObjects: 0.529700 ms CreateObjectMapping: 0.401100 ms MarkObjects: 5.642100 ms  DeleteObjects: 0.092200 ms)

========================================================================
Received Prepare
Registering precompiled user dll's ...
Registered in 0.001733 seconds.
Begin MonoManager ReloadAssembly
Native extension for WindowsStandalone target not found
Refreshing native plugins compatible for Editor in 0.56 ms, found 0 plugins.
Preloading 0 native plugins for Editor in 0.00 ms.
Invoked RoslynAnalysisRunner static constructor.
RoslynAnalysisRunner will not be running.
RoslynAnalysisRunner has terminated.
Mono: successfully reloaded assembly
- Completed reload, in  1.233 seconds
Platform modules already initialized, skipping
Refreshing native plugins compatible for Editor in 0.62 ms, found 0 plugins.
Preloading 0 native plugins for Editor in 0.00 ms.
Unloading 3191 Unused Serialized files (Serialized files now loaded: 0)
System memory in use before: 169.5 MB.
System memory in use after: 169.7 MB.

Unloading 7 unused Assets to reduce memory usage. Loaded Objects now: 4984.
Total: 4.666000 ms (FindLiveObjects: 0.687600 ms CreateObjectMapping: 0.440100 ms MarkObjects: 3.455900 ms  DeleteObjects: 0.079700 ms)

========================================================================
Received Prepare
Registering precompiled user dll's ...
Registered in 0.001766 seconds.
Begin MonoManager ReloadAssembly
Native extension for WindowsStandalone target not found
Refreshing native plugins compatible for Editor in 0.57 ms, found 0 plugins.
Preloading 0 native plugins for Editor in 0.00 ms.
Invoked RoslynAnalysisRunner static constructor.
RoslynAnalysisRunner will not be running.
RoslynAnalysisRunner has terminated.
Mono: successfully reloaded assembly
- Completed reload, in  1.317 seconds
Platform modules already initialized, skipping
Refreshing native plugins compatible for Editor in 0.72 ms, found 0 plugins.
Preloading 0 native plugins for Editor in 0.00 ms.
Unloading 3191 Unused Serialized files (Serialized files now loaded: 0)
System memory in use before: 169.7 MB.
System memory in use after: 169.9 MB.

Unloading 7 unused Assets to reduce memory usage. Loaded Objects now: 4986.
Total: 3.999500 ms (FindLiveObjects: 0.506000 ms CreateObjectMapping: 0.287300 ms MarkObjects: 3.139900 ms  DeleteObjects: 0.064900 ms)

========================================================================
Received Prepare
Registering precompiled user dll's ...
Registered in 0.002010 seconds.
Begin MonoManager ReloadAssembly
Native extension for WindowsStandalone target not found
Refreshing native plugins compatible for Editor in 0.71 ms, found 0 plugins.
Preloading 0 native plugins for Editor in 0.00 ms.
Invoked RoslynAnalysisRunner static constructor.
RoslynAnalysisRunner will not be running.
RoslynAnalysisRunner has terminated.
Mono: successfully reloaded assembly
- Completed reload, in  1.444 seconds
Platform modules already initialized, skipping
Refreshing native plugins compatible for Editor in 0.58 ms, found 0 plugins.
Preloading 0 native plugins for Editor in 0.00 ms.
Unloading 3191 Unused Serialized files (Serialized files now loaded: 0)
System memory in use before: 169.7 MB.
System memory in use after: 169.9 MB.

Unloading 7 unused Assets to reduce memory usage. Loaded Objects now: 4988.
Total: 4.347900 ms (FindLiveObjects: 0.522600 ms CreateObjectMapping: 0.247800 ms MarkObjects: 3.503200 ms  DeleteObjects: 0.072300 ms)

========================================================================
Received Import Request.
  Time since last request: 3560.937419 seconds.
  path: Assets/Prefabs/Baddy Bullety.prefab
  artifactKey: Guid(c3f6c4f749fc9c94b9584782f8ce7ac5) Importer(815301076,1909f56bfc062723c751e8b465ee728b)
Start importing Assets/Prefabs/Baddy Bullety.prefab using Guid(c3f6c4f749fc9c94b9584782f8ce7ac5) Importer(815301076,1909f56bfc062723c751e8b465ee728b)  -> (artifact id: '4440815af86a01daaae947ba8567ef45') in 0.588133 seconds
  Import took 0.596277 seconds .

========================================================================
Received Import Request.
  Time since last request: 7.675033 seconds.
  path: Assets/Prefabs/Baddy Bullety.prefab
  artifactKey: Guid(c3f6c4f749fc9c94b9584782f8ce7ac5) Importer(815301076,1909f56bfc062723c751e8b465ee728b)
Start importing Assets/Prefabs/Baddy Bullety.prefab using Guid(c3f6c4f749fc9c94b9584782f8ce7ac5) Importer(815301076,1909f56bfc062723c751e8b465ee728b)  -> (artifact id: 'ec586d3324342ec94732d1b9b3d54a80') in 0.035194 seconds
  Import took 0.043557 seconds .

========================================================================
Received Prepare
Registering precompiled user dll's ...
Registered in 0.002498 seconds.
Begin MonoManager ReloadAssembly
Native extension for WindowsStandalone target not found
Refreshing native plugins compatible for Editor in 0.61 ms, found 0 plugins.
Preloading 0 native plugins for Editor in 0.00 ms.
Invoked RoslynAnalysisRunner static constructor.
RoslynAnalysisRunner will not be running.
RoslynAnalysisRunner has terminated.
Mono: successfully reloaded assembly
- Completed reload, in  1.358 seconds
Platform modules already initialized, skipping
Refreshing native plugins compatible for Editor in 0.61 ms, found 0 plugins.
Preloading 0 native plugins for Editor in 0.00 ms.
Unloading 3191 Unused Serialized files (Serialized files now loaded: 0)
System memory in use before: 169.8 MB.
System memory in use after: 170.1 MB.

Unloading 7 unused Assets to reduce memory usage. Loaded Objects now: 5092.
Total: 4.816900 ms (FindLiveObjects: 0.732500 ms CreateObjectMapping: 0.397500 ms MarkObjects: 3.601700 ms  DeleteObjects: 0.083200 ms)

========================================================================
Received Import Request.
  Time since last request: 42.463916 seconds.
  path: Assets/Prefabs/Baddy Bullety.prefab
  artifactKey: Guid(c3f6c4f749fc9c94b9584782f8ce7ac5) Importer(815301076,1909f56bfc062723c751e8b465ee728b)
Start importing Assets/Prefabs/Baddy Bullety.prefab using Guid(c3f6c4f749fc9c94b9584782f8ce7ac5) Importer(815301076,1909f56bfc062723c751e8b465ee728b)  -> (artifact id: '0453a72ccb6beabf282bd6f4c832d1e0') in 0.655355 seconds
  Import took 0.668324 seconds .

========================================================================
Received Prepare
Registering precompiled user dll's ...
Registered in 0.001692 seconds.
Begin MonoManager ReloadAssembly
Native extension for WindowsStandalone target not found
Refreshing native plugins compatible for Editor in 0.54 ms, found 0 plugins.
Preloading 0 native plugins for Editor in 0.00 ms.
Invoked RoslynAnalysisRunner static constructor.
RoslynAnalysisRunner will not be running.
RoslynAnalysisRunner has terminated.
Mono: successfully reloaded assembly
- Completed reload, in  1.330 seconds
Platform modules already initialized, skipping
Refreshing native plugins compatible for Editor in 0.60 ms, found 0 plugins.
Preloading 0 native plugins for Editor in 0.00 ms.
Unloading 3191 Unused Serialized files (Serialized files now loaded: 0)
System memory in use before: 170.4 MB.
System memory in use after: 170.6 MB.

Unloading 7 unused Assets to reduce memory usage. Loaded Objects now: 5196.
Total: 4.460000 ms (FindLiveObjects: 0.571900 ms CreateObjectMapping: 0.320400 ms MarkObjects: 3.455900 ms  DeleteObjects: 0.109000 ms)

========================================================================
Received Import Request.
  Time since last request: 931.489790 seconds.
  path: Assets/Scripts/EnemySpawner.cs
  artifactKey: Guid(6dd44295e68c01349b19bef454cb462a) Importer(815301076,1909f56bfc062723c751e8b465ee728b)
Start importing Assets/Scripts/EnemySpawner.cs using Guid(6dd44295e68c01349b19bef454cb462a) Importer(815301076,1909f56bfc062723c751e8b465ee728b)  -> (artifact id: 'f657e13c0bdbd860992ab0ba0ecbf965') in 0.092392 seconds
  Import took 0.111149 seconds .

========================================================================
Received Prepare
Registering precompiled user dll's ...
Registered in 0.001679 seconds.
Begin MonoManager ReloadAssembly
Native extension for WindowsStandalone target not found
Refreshing native plugins compatible for Editor in 0.54 ms, found 0 plugins.
Preloading 0 native plugins for Editor in 0.00 ms.
Invoked RoslynAnalysisRunner static constructor.
RoslynAnalysisRunner will not be running.
RoslynAnalysisRunner has terminated.
Mono: successfully reloaded assembly
- Completed reload, in  1.270 seconds
Platform modules already initialized, skipping
Refreshing native plugins compatible for Editor in 0.59 ms, found 0 plugins.
Preloading 0 native plugins for Editor in 0.00 ms.
Unloading 3192 Unused Serialized files (Serialized files now loaded: 0)
System memory in use before: 170.4 MB.
System memory in use after: 170.6 MB.

Unloading 7 unused Assets to reduce memory usage. Loaded Objects now: 5199.
Total: 4.335900 ms (FindLiveObjects: 0.776400 ms CreateObjectMapping: 0.320200 ms MarkObjects: 3.161800 ms  DeleteObjects: 0.075500 ms)

========================================================================
Received Prepare
Registering precompiled user dll's ...
Registered in 0.001694 seconds.
Begin MonoManager ReloadAssembly
Native extension for WindowsStandalone target not found
Refreshing native plugins compatible for Editor in 0.54 ms, found 0 plugins.
Preloading 0 native plugins for Editor in 0.00 ms.
Invoked RoslynAnalysisRunner static constructor.
RoslynAnalysisRunner will not be running.
RoslynAnalysisRunner has terminated.
Mono: successfully reloaded assembly
- Completed reload, in  1.204 seconds
Platform modules already initialized, skipping
Refreshing native plugins compatible for Editor in 0.61 ms, found 0 plugins.
Preloading 0 native plugins for Editor in 0.00 ms.
Unloading 3192 Unused Serialized files (Serialized files now loaded: 0)
System memory in use before: 170.2 MB.
System memory in use after: 170.4 MB.

Unloading 7 unused Assets to reduce memory usage. Loaded Objects now: 5201.
Total: 4.366000 ms (FindLiveObjects: 0.476000 ms CreateObjectMapping: 0.248200 ms MarkObjects: 3.561400 ms  DeleteObjects: 0.078700 ms)

========================================================================
Received Prepare
Registering precompiled user dll's ...
Registered in 0.001723 seconds.
Begin MonoManager ReloadAssembly
Native extension for WindowsStandalone target not found
Refreshing native plugins compatible for Editor in 0.57 ms, found 0 plugins.
Preloading 0 native plugins for Editor in 0.00 ms.
Invoked RoslynAnalysisRunner static constructor.
RoslynAnalysisRunner will not be running.
RoslynAnalysisRunner has terminated.
Mono: successfully reloaded assembly
- Completed reload, in  1.189 seconds
Platform modules already initialized, skipping
Refreshing native plugins compatible for Editor in 0.62 ms, found 0 plugins.
Preloading 0 native plugins for Editor in 0.00 ms.
Unloading 3192 Unused Serialized files (Serialized files now loaded: 0)
System memory in use before: 170.4 MB.
System memory in use after: 170.7 MB.

Unloading 7 unused Assets to reduce memory usage. Loaded Objects now: 5203.
Total: 4.535700 ms (FindLiveObjects: 0.552600 ms CreateObjectMapping: 0.303100 ms MarkObjects: 3.602700 ms  DeleteObjects: 0.075000 ms)

========================================================================
Received Import Request.
  Time since last request: 2426.084659 seconds.
  path: Assets/Prefabs/Baddy Bullety.prefab
  artifactKey: Guid(c3f6c4f749fc9c94b9584782f8ce7ac5) Importer(815301076,1909f56bfc062723c751e8b465ee728b)
Start importing Assets/Prefabs/Baddy Bullety.prefab using Guid(c3f6c4f749fc9c94b9584782f8ce7ac5) Importer(815301076,1909f56bfc062723c751e8b465ee728b)  -> (artifact id: '669881d4819a058f9cd64e6a8d523ef5') in 0.573630 seconds
  Import took 0.583591 seconds .

========================================================================
Received Import Request.
  Time since last request: 3.654662 seconds.
  path: Assets/Prefabs/EnemyHolder.prefab
  artifactKey: Guid(3dcef61eed6f59145a68544425329527) Importer(815301076,1909f56bfc062723c751e8b465ee728b)
Start importing Assets/Prefabs/EnemyHolder.prefab using Guid(3dcef61eed6f59145a68544425329527) Importer(815301076,1909f56bfc062723c751e8b465ee728b)  -> (artifact id: 'cfd9c1423f13a68b5b8bee6a2eeea516') in 0.049313 seconds
  Import took 0.057215 seconds .

========================================================================
Received Import Request.
  Time since last request: 0.001537 seconds.
  path: Assets/Prefabs/EnemyHolder.prefab
  artifactKey: Guid(3dcef61eed6f59145a68544425329527) Importer(815301076,1909f56bfc062723c751e8b465ee728b)
Start importing Assets/Prefabs/EnemyHolder.prefab using Guid(3dcef61eed6f59145a68544425329527) Importer(815301076,1909f56bfc062723c751e8b465ee728b)  -> (artifact id: 'cfd9c1423f13a68b5b8bee6a2eeea516') in 0.038911 seconds
  Import took 0.047341 seconds .

========================================================================
Received Prepare
Registering precompiled user dll's ...
Registered in 0.001672 seconds.
Begin MonoManager ReloadAssembly
Native extension for WindowsStandalone target not found
Refreshing native plugins compatible for Editor in 0.53 ms, found 0 plugins.
Preloading 0 native plugins for Editor in 0.00 ms.
Invoked RoslynAnalysisRunner static constructor.
RoslynAnalysisRunner will not be running.
RoslynAnalysisRunner has terminated.
Mono: successfully reloaded assembly
- Completed reload, in  1.204 seconds
Platform modules already initialized, skipping
Refreshing native plugins compatible for Editor in 0.60 ms, found 0 plugins.
Preloading 0 native plugins for Editor in 0.00 ms.
Unloading 3192 Unused Serialized files (Serialized files now loaded: 0)
System memory in use before: 171.0 MB.
System memory in use after: 171.2 MB.

Unloading 7 unused Assets to reduce memory usage. Loaded Objects now: 5308.
Total: 4.361600 ms (FindLiveObjects: 0.527300 ms CreateObjectMapping: 0.259700 ms MarkObjects: 3.493900 ms  DeleteObjects: 0.079100 ms)

========================================================================
Received Prepare
Registering precompiled user dll's ...
Registered in 0.001818 seconds.
Begin MonoManager ReloadAssembly
Native extension for WindowsStandalone target not found
Refreshing native plugins compatible for Editor in 0.63 ms, found 0 plugins.
Preloading 0 native plugins for Editor in 0.00 ms.
Invoked RoslynAnalysisRunner static constructor.
RoslynAnalysisRunner will not be running.
RoslynAnalysisRunner has terminated.
Mono: successfully reloaded assembly
- Completed reload, in  1.167 seconds
Platform modules already initialized, skipping
Refreshing native plugins compatible for Editor in 0.58 ms, found 0 plugins.
Preloading 0 native plugins for Editor in 0.00 ms.
Unloading 3192 Unused Serialized files (Serialized files now loaded: 0)
System memory in use before: 170.6 MB.
System memory in use after: 170.8 MB.

Unloading 7 unused Assets to reduce memory usage. Loaded Objects now: 5310.
Total: 4.112200 ms (FindLiveObjects: 0.513900 ms CreateObjectMapping: 0.240500 ms MarkObjects: 3.283000 ms  DeleteObjects: 0.073200 ms)

========================================================================
Received Prepare
Registering precompiled user dll's ...
Registered in 0.001739 seconds.
Begin MonoManager ReloadAssembly
Native extension for WindowsStandalone target not found
Refreshing native plugins compatible for Editor in 0.56 ms, found 0 plugins.
Preloading 0 native plugins for Editor in 0.00 ms.
Invoked RoslynAnalysisRunner static constructor.
RoslynAnalysisRunner will not be running.
RoslynAnalysisRunner has terminated.
Mono: successfully reloaded assembly
- Completed reload, in  1.280 seconds
Platform modules already initialized, skipping
Refreshing native plugins compatible for Editor in 0.77 ms, found 0 plugins.
Preloading 0 native plugins for Editor in 0.00 ms.
Unloading 3192 Unused Serialized files (Serialized files now loaded: 0)
System memory in use before: 170.8 MB.
System memory in use after: 171.1 MB.

Unloading 7 unused Assets to reduce memory usage. Loaded Objects now: 5312.
Total: 4.091600 ms (FindLiveObjects: 0.524600 ms CreateObjectMapping: 0.303900 ms MarkObjects: 3.186500 ms  DeleteObjects: 0.074600 ms)

========================================================================
Received Prepare
Registering precompiled user dll's ...
Registered in 0.001675 seconds.
Begin MonoManager ReloadAssembly
Native extension for WindowsStandalone target not found
Refreshing native plugins compatible for Editor in 0.55 ms, found 0 plugins.
Preloading 0 native plugins for Editor in 0.00 ms.
Invoked RoslynAnalysisRunner static constructor.
RoslynAnalysisRunner will not be running.
RoslynAnalysisRunner has terminated.
Mono: successfully reloaded assembly
- Completed reload, in  1.205 seconds
Platform modules already initialized, skipping
Refreshing native plugins compatible for Editor in 1.11 ms, found 0 plugins.
Preloading 0 native plugins for Editor in 0.00 ms.
Unloading 3192 Unused Serialized files (Serialized files now loaded: 0)
System memory in use before: 170.8 MB.
System memory in use after: 171.1 MB.

Unloading 7 unused Assets to reduce memory usage. Loaded Objects now: 5314.
Total: 8.215000 ms (FindLiveObjects: 1.095400 ms CreateObjectMapping: 0.384500 ms MarkObjects: 6.628400 ms  DeleteObjects: 0.104400 ms)

========================================================================
Received Prepare
Registering precompiled user dll's ...
Registered in 0.001792 seconds.
Begin MonoManager ReloadAssembly
Native extension for WindowsStandalone target not found
Refreshing native plugins compatible for Editor in 0.55 ms, found 0 plugins.
Preloading 0 native plugins for Editor in 0.00 ms.
Invoked RoslynAnalysisRunner static constructor.
RoslynAnalysisRunner will not be running.
RoslynAnalysisRunner has terminated.
Mono: successfully reloaded assembly
- Completed reload, in  1.186 seconds
Platform modules already initialized, skipping
Refreshing native plugins compatible for Editor in 0.58 ms, found 0 plugins.
Preloading 0 native plugins for Editor in 0.00 ms.
Unloading 3192 Unused Serialized files (Serialized files now loaded: 0)
System memory in use before: 170.6 MB.
System memory in use after: 170.9 MB.

Unloading 7 unused Assets to reduce memory usage. Loaded Objects now: 5316.
Total: 5.271500 ms (FindLiveObjects: 0.719100 ms CreateObjectMapping: 0.335500 ms MarkObjects: 4.129700 ms  DeleteObjects: 0.085600 ms)

========================================================================
Received Import Request.
  Time since last request: 1369.607461 seconds.
  path: ProjectSettings/TagManager.asset
  artifactKey: Guid(00000000000000003000000000000000) Importer(815301076,1909f56bfc062723c751e8b465ee728b)
Start importing ProjectSettings/TagManager.asset using Guid(00000000000000003000000000000000) Importer(815301076,1909f56bfc062723c751e8b465ee728b)  -> (artifact id: '90bd20b4c560b6bb3045f0f5ae07584a') in 0.028342 seconds
  Import took 0.036984 seconds .

========================================================================
Received Prepare
Registering precompiled user dll's ...
Registered in 0.001710 seconds.
Begin MonoManager ReloadAssembly
Native extension for WindowsStandalone target not found
Refreshing native plugins compatible for Editor in 0.54 ms, found 0 plugins.
Preloading 0 native plugins for Editor in 0.00 ms.
Invoked RoslynAnalysisRunner static constructor.
RoslynAnalysisRunner will not be running.
RoslynAnalysisRunner has terminated.
Mono: successfully reloaded assembly
- Completed reload, in  1.181 seconds
Platform modules already initialized, skipping
Refreshing native plugins compatible for Editor in 0.69 ms, found 0 plugins.
Preloading 0 native plugins for Editor in 0.00 ms.
Unloading 3192 Unused Serialized files (Serialized files now loaded: 0)
System memory in use before: 170.9 MB.
System memory in use after: 171.1 MB.

Unloading 8 unused Assets to reduce memory usage. Loaded Objects now: 5318.
Total: 4.458600 ms (FindLiveObjects: 0.821600 ms CreateObjectMapping: 0.315300 ms MarkObjects: 3.239000 ms  DeleteObjects: 0.080500 ms)

========================================================================
Received Prepare
Registering precompiled user dll's ...
Registered in 0.003106 seconds.
Begin MonoManager ReloadAssembly
Native extension for WindowsStandalone target not found
Refreshing native plugins compatible for Editor in 0.65 ms, found 0 plugins.
Preloading 0 native plugins for Editor in 0.00 ms.
Invoked RoslynAnalysisRunner static constructor.
RoslynAnalysisRunner will not be running.
RoslynAnalysisRunner has terminated.
Mono: successfully reloaded assembly
- Completed reload, in  1.274 seconds
Platform modules already initialized, skipping
Refreshing native plugins compatible for Editor in 0.56 ms, found 0 plugins.
Preloading 0 native plugins for Editor in 0.00 ms.
Unloading 3192 Unused Serialized files (Serialized files now loaded: 0)
System memory in use before: 170.8 MB.
System memory in use after: 171.1 MB.

Unloading 7 unused Assets to reduce memory usage. Loaded Objects now: 5320.
Total: 5.272100 ms (FindLiveObjects: 0.871600 ms CreateObjectMapping: 0.337100 ms MarkObjects: 3.986300 ms  DeleteObjects: 0.075300 ms)

========================================================================
Received Import Request.
  Time since last request: 355.371449 seconds.
  path: Assets/Prefabs/EnemyHolder.prefab
  artifactKey: Guid(3dcef61eed6f59145a68544425329527) Importer(815301076,1909f56bfc062723c751e8b465ee728b)
Start importing Assets/Prefabs/EnemyHolder.prefab using Guid(3dcef61eed6f59145a68544425329527) Importer(815301076,1909f56bfc062723c751e8b465ee728b)  -> (artifact id: 'c8540c405445081eaad57a4402c4df46') in 0.618727 seconds
  Import took 0.627690 seconds .

========================================================================
Received Prepare
Registering precompiled user dll's ...
Registered in 0.001751 seconds.
Begin MonoManager ReloadAssembly
Native extension for WindowsStandalone target not found
Refreshing native plugins compatible for Editor in 0.56 ms, found 0 plugins.
Preloading 0 native plugins for Editor in 0.00 ms.
Invoked RoslynAnalysisRunner static constructor.
RoslynAnalysisRunner will not be running.
RoslynAnalysisRunner has terminated.
Mono: successfully reloaded assembly
- Completed reload, in  1.242 seconds
Platform modules already initialized, skipping
Refreshing native plugins compatible for Editor in 0.56 ms, found 0 plugins.
Preloading 0 native plugins for Editor in 0.00 ms.
Unloading 3192 Unused Serialized files (Serialized files now loaded: 0)
System memory in use before: 171.2 MB.
System memory in use after: 171.4 MB.

Unloading 7 unused Assets to reduce memory usage. Loaded Objects now: 5424.
Total: 4.919500 ms (FindLiveObjects: 0.598400 ms CreateObjectMapping: 0.278400 ms MarkObjects: 3.959400 ms  DeleteObjects: 0.080700 ms)

